09/24/2013 09:41:31.237 Traceback (most recent call last):
  File "C:/Users/thubbard/Desktop/Project_R_Projects/Text_Adventure/API/text_of_mana_party_test.py", line 630, in <module>
    main()
  File "C:/Users/thubbard/Desktop/Project_R_Projects/Text_Adventure/API/text_of_mana_party_test.py", line 65, in main
    command = raw_input(">")
EOFError: EOF when reading a line

09/24/2013 11:37:39.962 Traceback (most recent call last):
  File "C:/Users/thubbard/Desktop/Project_R_Projects/Text_Adventure/API/text_of_mana_party_test.py", line 643, in <module>
    main()
  File "C:/Users/thubbard/Desktop/Project_R_Projects/Text_Adventure/API/text_of_mana_party_test.py", line 68, in main
    current_room = run_command(current_room, verb, noun)
  File "C:/Users/thubbard/Desktop/Project_R_Projects/Text_Adventure/API/text_of_mana_party_test.py", line 587, in run_command
    print "Health:", character['health']
KeyError: 'health'

09/24/2013 11:41:03.232 Traceback (most recent call last):
  File "C:/Users/thubbard/Desktop/Project_R_Projects/Text_Adventure/API/text_of_mana_party_test.py", line 643, in <module>
    main()
  File "C:/Users/thubbard/Desktop/Project_R_Projects/Text_Adventure/API/text_of_mana_party_test.py", line 68, in main
    current_room = run_command(current_room, verb, noun)
  File "C:/Users/thubbard/Desktop/Project_R_Projects/Text_Adventure/API/text_of_mana_party_test.py", line 566, in run_command
    sys.exit()
SystemExit

09/24/2013 11:58:30.465 Traceback (most recent call last):
  File "C:/Users/thubbard/Desktop/Project_R_Projects/Text_Adventure/API/text_of_mana_party_test.py", line 639, in <module>
    main()
  File "C:/Users/thubbard/Desktop/Project_R_Projects/Text_Adventure/API/text_of_mana_party_test.py", line 65, in main
    command = raw_input(">")
EOFError: EOF when reading a line

09/24/2013 12:02:20.965 Traceback (most recent call last):
  File "C:/Users/thubbard/Desktop/Project_R_Projects/Text_Adventure/API/text_of_mana_party_test.py", line 639, in <module>
    main()
  File "C:/Users/thubbard/Desktop/Project_R_Projects/Text_Adventure/API/text_of_mana_party_test.py", line 65, in main
    command = raw_input(">")
EOFError: EOF when reading a line

09/24/2013 12:03:17.573 Traceback (most recent call last):
  File "C:/Users/thubbard/Desktop/Project_R_Projects/Text_Adventure/API/text_of_mana_party_test.py", line 639, in <module>
    main()
  File "C:/Users/thubbard/Desktop/Project_R_Projects/Text_Adventure/API/text_of_mana_party_test.py", line 68, in main
    current_room = run_command(current_room, verb, noun)
  File "C:/Users/thubbard/Desktop/Project_R_Projects/Text_Adventure/API/text_of_mana_party_test.py", line 506, in run_command
    battle_system(room, monsters)
  File "C:/Users/thubbard/Desktop/Project_R_Projects/Text_Adventure/API/text_of_mana_party_test.py", line 274, in battle_system
    sys.exit()
SystemExit

09/24/2013 12:06:58.715 Traceback (most recent call last):
  File "C:/Users/thubbard/Desktop/Project_R_Projects/Text_Adventure/API/text_of_mana_party_test.py", line 639, in <module>
    main()
  File "C:/Users/thubbard/Desktop/Project_R_Projects/Text_Adventure/API/text_of_mana_party_test.py", line 68, in main
    current_room = run_command(current_room, verb, noun)
  File "C:/Users/thubbard/Desktop/Project_R_Projects/Text_Adventure/API/text_of_mana_party_test.py", line 506, in run_command
    battle_system(room, monsters)
  File "C:/Users/thubbard/Desktop/Project_R_Projects/Text_Adventure/API/text_of_mana_party_test.py", line 274, in battle_system
    quit()
  File "C:\Python27\lib\site.py", line 360, in __call__
    raise SystemExit(code)
SystemExit: None

09/24/2013 12:46:25.588 Traceback (most recent call last):
  File "C:/Users/thubbard/Desktop/Project_R_Projects/Text_Adventure/API/text_of_mana_party_test.py", line 637, in <module>
    main()
  File "C:/Users/thubbard/Desktop/Project_R_Projects/Text_Adventure/API/text_of_mana_party_test.py", line 66, in main
    current_room = run_command(current_room, verb, noun)
  File "C:/Users/thubbard/Desktop/Project_R_Projects/Text_Adventure/API/text_of_mana_party_test.py", line 564, in run_command
    sys.exit()
SystemExit

09/24/2013 13:49:46.249 Traceback (most recent call last):
  File "C:/Users/thubbard/Desktop/Project_R_Projects/Text_Adventure/API/text_of_mana_party_test.py", line 643, in <module>
    main()
  File "C:/Users/thubbard/Desktop/Project_R_Projects/Text_Adventure/API/text_of_mana_party_test.py", line 66, in main
    current_room = run_command(current_room, verb, noun)
  File "C:/Users/thubbard/Desktop/Project_R_Projects/Text_Adventure/API/text_of_mana_party_test.py", line 510, in run_command
    battle_system(room, monsters)
  File "C:/Users/thubbard/Desktop/Project_R_Projects/Text_Adventure/API/text_of_mana_party_test.py", line 278, in battle_system
    sys.exit()
SystemExit

09/24/2013 13:52:33.347 Traceback (most recent call last):
  File "C:/Users/thubbard/Desktop/Project_R_Projects/Text_Adventure/API/text_of_mana_party_test.py", line 643, in <module>
    main()
  File "C:/Users/thubbard/Desktop/Project_R_Projects/Text_Adventure/API/text_of_mana_party_test.py", line 66, in main
    current_room = run_command(current_room, verb, noun)
  File "C:/Users/thubbard/Desktop/Project_R_Projects/Text_Adventure/API/text_of_mana_party_test.py", line 510, in run_command
    battle_system(room, monsters)
  File "C:/Users/thubbard/Desktop/Project_R_Projects/Text_Adventure/API/text_of_mana_party_test.py", line 278, in battle_system
    sys.exit()
SystemExit

09/24/2013 14:31:57.387 Traceback (most recent call last):
  File "C:/Users/thubbard/Desktop/Project_R_Projects/Text_Adventure/API/text_of_mana_party_test.py", line 643, in <module>
    main()
  File "C:/Users/thubbard/Desktop/Project_R_Projects/Text_Adventure/API/text_of_mana_party_test.py", line 63, in main
    command = raw_input(">")
EOFError: EOF when reading a line

09/24/2013 14:31:57.530 Traceback (most recent call last):
  File "C:/Users/thubbard/Desktop/Project_R_Projects/Text_Adventure/API/text_of_mana_party_test.py", line 643, in <module>
    main()
  File "C:/Users/thubbard/Desktop/Project_R_Projects/Text_Adventure/API/text_of_mana_party_test.py", line 29, in main
    choice = raw_input("choose a game or type 'N' for a new game\n>")
EOFError: EOF when reading a line

09/24/2013 14:38:17.57 Traceback (most recent call last):
  File "C:/Users/thubbard/Desktop/Project_R_Projects/Text_Adventure/API/text_of_mana_party_test.py", line 643, in <module>
    except:
  File "C:/Users/thubbard/Desktop/Project_R_Projects/Text_Adventure/API/text_of_mana_party_test.py", line 63, in main
    command = raw_input(">")
EOFError: EOF when reading a line

09/24/2013 14:40:36.619 Traceback (most recent call last):
  File "C:/Users/thubbard/Desktop/Project_R_Projects/Text_Adventure/API/text_of_mana_party_test.py", line 642, in <module>
    main()
  File "C:/Users/thubbard/Desktop/Project_R_Projects/Text_Adventure/API/text_of_mana_party_test.py", line 63, in main
    command = raw_input(">")
EOFError: EOF when reading a line

09/24/2013 15:03:53.436 Traceback (most recent call last):
  File "C:/Users/thubbard/Desktop/Project_R_Projects/Text_Adventure/API/text_of_mana_party_test.py", line 642, in <module>
    main()
  File "C:/Users/thubbard/Desktop/Project_R_Projects/Text_Adventure/API/text_of_mana_party_test.py", line 63, in main
    command = raw_input(">")
EOFError: EOF when reading a line

09/24/2013 15:15:11.418 Traceback (most recent call last):
  File "C:/Users/thubbard/Desktop/Project_R_Projects/Text_Adventure/API/text_of_mana_party_test.py", line 642, in <module>
    main()
  File "C:/Users/thubbard/Desktop/Project_R_Projects/Text_Adventure/API/text_of_mana_party_test.py", line 66, in main
    current_room = run_command(current_room, verb, noun)
  File "C:/Users/thubbard/Desktop/Project_R_Projects/Text_Adventure/API/text_of_mana_party_test.py", line 528, in run_command
    return rooms_by_name[room_exit.attrs["link"]]
KeyError: u'Pandoran Forest West'

09/24/2013 15:27:50.880 Traceback (most recent call last):
  File "C:/Users/thubbard/Desktop/Project_R_Projects/Text_Adventure/API/text_of_mana_party_test.py", line 642, in <module>
    main()
  File "C:/Users/thubbard/Desktop/Project_R_Projects/Text_Adventure/API/text_of_mana_party_test.py", line 63, in main
    command = raw_input(">")
EOFError: EOF when reading a line

09/24/2013 15:41:07.682 Traceback (most recent call last):
  File "C:/Users/thubbard/Desktop/Project_R_Projects/Text_Adventure/API/text_of_mana_party_test.py", line 642, in <module>
    try:
  File "C:/Users/thubbard/Desktop/Project_R_Projects/Text_Adventure/API/text_of_mana_party_test.py", line 66, in main
    current_room = run_command(current_room, verb, noun)
  File "C:/Users/thubbard/Desktop/Project_R_Projects/Text_Adventure/API/text_of_mana_party_test.py", line 528, in run_command
    print 'You pass through the', room_exit.attrs["name"]
KeyError: u'Upperland 1'

09/24/2013 15:45:09.804 Traceback (most recent call last):
  File "C:/Users/thubbard/Desktop/Project_R_Projects/Text_Adventure/API/text_of_mana_party_test.py", line 643, in <module>
    main()
  File "C:/Users/thubbard/Desktop/Project_R_Projects/Text_Adventure/API/text_of_mana_party_test.py", line 66, in main
    current_room = run_command(current_room, verb, noun)
  File "C:/Users/thubbard/Desktop/Project_R_Projects/Text_Adventure/API/text_of_mana_party_test.py", line 529, in run_command
    return rooms_by_name[room_exit.attrs["link"]]
KeyError: u'Upperland 1'

09/24/2013 15:50:29.155 Traceback (most recent call last):
  File "C:/Users/thubbard/Desktop/Project_R_Projects/Text_Adventure/API/text_of_mana_party_test.py", line 643, in <module>
    main()
  File "C:/Users/thubbard/Desktop/Project_R_Projects/Text_Adventure/API/text_of_mana_party_test.py", line 66, in main
    current_room = run_command(current_room, verb, noun)
  File "C:/Users/thubbard/Desktop/Project_R_Projects/Text_Adventure/API/text_of_mana_party_test.py", line 510, in run_command
    battle_system(room, monsters)
  File "C:/Users/thubbard/Desktop/Project_R_Projects/Text_Adventure/API/text_of_mana_party_test.py", line 278, in battle_system
    sys.exit()
SystemExit

09/24/2013 15:51:03.358 Traceback (most recent call last):
  File "C:/Users/thubbard/Desktop/Project_R_Projects/Text_Adventure/API/text_of_mana_party_test.py", line 643, in <module>
    main()
  File "C:/Users/thubbard/Desktop/Project_R_Projects/Text_Adventure/API/text_of_mana_party_test.py", line 66, in main
    current_room = run_command(current_room, verb, noun)
  File "C:/Users/thubbard/Desktop/Project_R_Projects/Text_Adventure/API/text_of_mana_party_test.py", line 529, in run_command
    return rooms_by_name[room_exit.attrs["link"]]
KeyError: u'Upperland 1'

09/24/2013 16:03:48.476 Traceback (most recent call last):
  File "C:/Users/thubbard/Desktop/Project_R_Projects/Text_Adventure/API/text_of_mana_party_test.py", line 643, in <module>
    main()
  File "C:/Users/thubbard/Desktop/Project_R_Projects/Text_Adventure/API/text_of_mana_party_test.py", line 63, in main
    command = raw_input(">")
EOFError: EOF when reading a line

09/24/2013 16:07:23.494 Traceback (most recent call last):
  File "C:/Users/thubbard/Desktop/Project_R_Projects/Text_Adventure/API/text_of_mana_party_test.py", line 644, in <module>
    main()
  File "C:/Users/thubbard/Desktop/Project_R_Projects/Text_Adventure/API/text_of_mana_party_test.py", line 66, in main
    current_room = run_command(current_room, verb, noun)
  File "C:/Users/thubbard/Desktop/Project_R_Projects/Text_Adventure/API/text_of_mana_party_test.py", line 511, in run_command
    battle_system(room, monsters)
  File "C:/Users/thubbard/Desktop/Project_R_Projects/Text_Adventure/API/text_of_mana_party_test.py", line 290, in battle_system
    end_the_game(room)
  File "C:/Users/thubbard/Desktop/Project_R_Projects/Text_Adventure/API/text_of_mana_party_test.py", line 493, in end_the_game
    if room.monster[0].attrs['endcode']:
KeyError: 'endcode'

09/24/2013 16:09:48.855 Traceback (most recent call last):
  File "C:/Users/thubbard/Desktop/Project_R_Projects/Text_Adventure/API/text_of_mana_party_test.py", line 644, in <module>
    main()
  File "C:/Users/thubbard/Desktop/Project_R_Projects/Text_Adventure/API/text_of_mana_party_test.py", line 63, in main
    command = raw_input(">")
EOFError: EOF when reading a line

09/24/2013 16:53:46.779 Traceback (most recent call last):
  File "C:/Users/thubbard/Desktop/Project_R_Projects/Text_Adventure/API/text_of_mana_party_test.py", line 657, in <module>
    main()
  File "C:/Users/thubbard/Desktop/Project_R_Projects/Text_Adventure/API/text_of_mana_party_test.py", line 66, in main
    current_room = run_command(current_room, verb, noun)
  File "C:/Users/thubbard/Desktop/Project_R_Projects/Text_Adventure/API/text_of_mana_party_test.py", line 524, in run_command
    battle_system(room, monsters)
  File "C:/Users/thubbard/Desktop/Project_R_Projects/Text_Adventure/API/text_of_mana_party_test.py", line 290, in battle_system
    end_the_game(room)
  File "C:/Users/thubbard/Desktop/Project_R_Projects/Text_Adventure/API/text_of_mana_party_test.py", line 508, in end_the_game
    sys.exit()
SystemExit

09/24/2013 17:19:14.623 Traceback (most recent call last):
  File "C:/Users/thubbard/Desktop/Project_R_Projects/Text_Adventure/API/text_of_mana_party_test.py", line 657, in <module>
    main()
  File "C:/Users/thubbard/Desktop/Project_R_Projects/Text_Adventure/API/text_of_mana_party_test.py", line 63, in main
    command = raw_input(">")
EOFError: EOF when reading a line

