09/30/2013 09:42:24.873 Traceback (most recent call last):
  File "C:/Users/thubbard/Desktop/Project_R_Projects/Text_Adventure/API/Text_of_Mana.py", line 867, in <module>
    main()
  File "C:/Users/thubbard/Desktop/Project_R_Projects/Text_Adventure/API/Text_of_Mana.py", line 77, in main
    current_room = run_command(current_room, verb, noun)
  File "C:/Users/thubbard/Desktop/Project_R_Projects/Text_Adventure/API/Text_of_Mana.py", line 639, in run_command
    party_builder(room)
  File "C:/Users/thubbard/Desktop/Project_R_Projects/Text_Adventure/API/Text_of_Mana.py", line 139, in party_builder
    player.item.append(item)
NameError: global name 'item' is not defined

09/30/2013 09:44:09.835 Traceback (most recent call last):
  File "C:/Users/thubbard/Desktop/Project_R_Projects/Text_Adventure/API/Text_of_Mana.py", line 867, in <module>
    main()
  File "C:/Users/thubbard/Desktop/Project_R_Projects/Text_Adventure/API/Text_of_Mana.py", line 74, in main
    command = raw_input(">")
EOFError: EOF when reading a line

09/30/2013 09:45:52.43 Traceback (most recent call last):
  File "C:/Users/thubbard/Desktop/Project_R_Projects/Text_Adventure/API/Text_of_Mana.py", line 868, in <module>
    main()
  File "C:/Users/thubbard/Desktop/Project_R_Projects/Text_Adventure/API/Text_of_Mana.py", line 77, in main
    current_room = run_command(current_room, verb, noun)
  File "C:/Users/thubbard/Desktop/Project_R_Projects/Text_Adventure/API/Text_of_Mana.py", line 640, in run_command
    party_builder(room)
  File "C:/Users/thubbard/Desktop/Project_R_Projects/Text_Adventure/API/Text_of_Mana.py", line 157, in party_builder
    game_map.party.children.append(game_map.player[0])
AttributeError: 'list' object has no attribute 'children'

09/30/2013 09:46:07.331 Traceback (most recent call last):
  File "C:/Users/thubbard/Desktop/Project_R_Projects/Text_Adventure/API/Text_of_Mana.py", line 868, in <module>
    main()
  File "C:/Users/thubbard/Desktop/Project_R_Projects/Text_Adventure/API/Text_of_Mana.py", line 77, in main
    current_room = run_command(current_room, verb, noun)
  File "C:/Users/thubbard/Desktop/Project_R_Projects/Text_Adventure/API/Text_of_Mana.py", line 640, in run_command
    party_builder(room)
  File "C:/Users/thubbard/Desktop/Project_R_Projects/Text_Adventure/API/Text_of_Mana.py", line 157, in party_builder
    game_map.party.children.append(game_map.player[0])
AttributeError: 'list' object has no attribute 'children'

09/30/2013 09:46:43.706 Traceback (most recent call last):
  File "C:/Users/thubbard/Desktop/Project_R_Projects/Text_Adventure/API/Text_of_Mana.py", line 868, in <module>
    main()
  File "C:/Users/thubbard/Desktop/Project_R_Projects/Text_Adventure/API/Text_of_Mana.py", line 62, in main
    player_inventory = game_map.player[0].item[0].attrs['name']
IndexError: list index out of range

09/30/2013 09:47:37.389 Traceback (most recent call last):
  File "C:/Users/thubbard/Desktop/Project_R_Projects/Text_Adventure/API/Text_of_Mana.py", line 868, in <module>
    main()
  File "C:/Users/thubbard/Desktop/Project_R_Projects/Text_Adventure/API/Text_of_Mana.py", line 62, in main
    player_inventory = game_map.player[0].item[0].attrs['name']
IndexError: list index out of range

09/30/2013 09:50:09.97 Traceback (most recent call last):
  File "C:/Users/thubbard/Desktop/Project_R_Projects/Text_Adventure/API/Text_of_Mana.py", line 868, in <module>
    main()
  File "C:/Users/thubbard/Desktop/Project_R_Projects/Text_Adventure/API/Text_of_Mana.py", line 62, in main
    player_inventory = game_map.player[0].item[0].attrs['name']
IndexError: list index out of range

09/30/2013 09:50:39.510 Traceback (most recent call last):
  File "C:/Users/thubbard/Desktop/Project_R_Projects/Text_Adventure/API/Text_of_Mana.py", line 868, in <module>
    main()
  File "C:/Users/thubbard/Desktop/Project_R_Projects/Text_Adventure/API/Text_of_Mana.py", line 77, in main
    current_room = run_command(current_room, verb, noun)
  File "C:/Users/thubbard/Desktop/Project_R_Projects/Text_Adventure/API/Text_of_Mana.py", line 637, in run_command
    battle_system(room, monsters)
  File "C:/Users/thubbard/Desktop/Project_R_Projects/Text_Adventure/API/Text_of_Mana.py", line 290, in battle_system
    choice = random.randint(len(party))
TypeError: randint() takes exactly 3 arguments (2 given)

09/30/2013 09:52:38.765 Traceback (most recent call last):
  File "C:/Users/thubbard/Desktop/Project_R_Projects/Text_Adventure/API/Text_of_Mana.py", line 866, in <module>
    main()
  File "C:/Users/thubbard/Desktop/Project_R_Projects/Text_Adventure/API/Text_of_Mana.py", line 74, in main
    command = raw_input(">")
EOFError: EOF when reading a line

09/30/2013 09:53:34.873 Traceback (most recent call last):
  File "C:/Users/thubbard/Desktop/Project_R_Projects/Text_Adventure/API/Text_of_Mana.py", line 866, in <module>
    main()
  File "C:/Users/thubbard/Desktop/Project_R_Projects/Text_Adventure/API/Text_of_Mana.py", line 77, in main
    current_room = run_command(current_room, verb, noun)
  File "C:/Users/thubbard/Desktop/Project_R_Projects/Text_Adventure/API/Text_of_Mana.py", line 638, in run_command
    party_builder(room)
  File "C:/Users/thubbard/Desktop/Project_R_Projects/Text_Adventure/API/Text_of_Mana.py", line 156, in party_builder
    game_map.party[0].append(game_map.player[0])
AttributeError: 'party_q2class' object has no attribute 'append'

09/30/2013 10:00:00.998 Traceback (most recent call last):
  File "C:/Users/thubbard/Desktop/Project_R_Projects/Text_Adventure/API/Text_of_Mana.py", line 866, in <module>
    main()
  File "C:/Users/thubbard/Desktop/Project_R_Projects/Text_Adventure/API/Text_of_Mana.py", line 77, in main
    current_room = run_command(current_room, verb, noun)
  File "C:/Users/thubbard/Desktop/Project_R_Projects/Text_Adventure/API/Text_of_Mana.py", line 638, in run_command
    party_builder(room)
  File "C:/Users/thubbard/Desktop/Project_R_Projects/Text_Adventure/API/Text_of_Mana.py", line 157, in party_builder
    party.children.append(game_map.player[1])
AttributeError: 'list' object has no attribute 'children'

09/30/2013 10:00:24.935 Traceback (most recent call last):
  File "C:/Users/thubbard/Desktop/Project_R_Projects/Text_Adventure/API/Text_of_Mana.py", line 866, in <module>
    main()
  File "C:/Users/thubbard/Desktop/Project_R_Projects/Text_Adventure/API/Text_of_Mana.py", line 77, in main
    current_room = run_command(current_room, verb, noun)
  File "C:/Users/thubbard/Desktop/Project_R_Projects/Text_Adventure/API/Text_of_Mana.py", line 638, in run_command
    party_builder(room)
  File "C:/Users/thubbard/Desktop/Project_R_Projects/Text_Adventure/API/Text_of_Mana.py", line 157, in party_builder
    party.children.append(game_map.player[0])
AttributeError: 'list' object has no attribute 'children'

09/30/2013 10:01:04.527 Traceback (most recent call last):
  File "C:/Users/thubbard/Desktop/Project_R_Projects/Text_Adventure/API/Text_of_Mana.py", line 866, in <module>
    main()
  File "C:/Users/thubbard/Desktop/Project_R_Projects/Text_Adventure/API/Text_of_Mana.py", line 77, in main
    current_room = run_command(current_room, verb, noun)
  File "C:/Users/thubbard/Desktop/Project_R_Projects/Text_Adventure/API/Text_of_Mana.py", line 638, in run_command
    party_builder(room)
  File "C:/Users/thubbard/Desktop/Project_R_Projects/Text_Adventure/API/Text_of_Mana.py", line 157, in party_builder
    party[0].children.append(game_map.player[0])
AttributeError: 'dict' object has no attribute 'children'

09/30/2013 10:01:45.92 Traceback (most recent call last):
  File "C:/Users/thubbard/Desktop/Project_R_Projects/Text_Adventure/API/Text_of_Mana.py", line 866, in <module>
    main()
  File "C:/Users/thubbard/Desktop/Project_R_Projects/Text_Adventure/API/Text_of_Mana.py", line 77, in main
    current_room = run_command(current_room, verb, noun)
  File "C:/Users/thubbard/Desktop/Project_R_Projects/Text_Adventure/API/Text_of_Mana.py", line 638, in run_command
    party_builder(room)
  File "C:/Users/thubbard/Desktop/Project_R_Projects/Text_Adventure/API/Text_of_Mana.py", line 156, in party_builder
    game_map.party[0].append(game_map.player[0])
AttributeError: 'party_q2class' object has no attribute 'append'

09/30/2013 10:02:35.91 Traceback (most recent call last):
  File "C:/Users/thubbard/Desktop/Project_R_Projects/Text_Adventure/API/Text_of_Mana.py", line 866, in <module>
    main()
  File "C:/Users/thubbard/Desktop/Project_R_Projects/Text_Adventure/API/Text_of_Mana.py", line 74, in main
    command = raw_input(">")
EOFError: EOF when reading a line

09/30/2013 10:04:26.880 Traceback (most recent call last):
  File "C:/Users/thubbard/Desktop/Project_R_Projects/Text_Adventure/API/Text_of_Mana.py", line 866, in <module>
    main()
  File "C:/Users/thubbard/Desktop/Project_R_Projects/Text_Adventure/API/Text_of_Mana.py", line 74, in main
    command = raw_input(">")
EOFError: EOF when reading a line

09/30/2013 10:24:27.487 Traceback (most recent call last):
  File "C:/Users/thubbard/Desktop/Project_R_Projects/Text_Adventure/API/Text_of_Mana.py", line 864, in <module>
    main()
  File "C:/Users/thubbard/Desktop/Project_R_Projects/Text_Adventure/API/Text_of_Mana.py", line 77, in main
    current_room = run_command(current_room, verb, noun)
  File "C:/Users/thubbard/Desktop/Project_R_Projects/Text_Adventure/API/Text_of_Mana.py", line 636, in run_command
    party_builder(room)
  File "C:/Users/thubbard/Desktop/Project_R_Projects/Text_Adventure/API/Text_of_Mana.py", line 161, in party_builder
    game_map.party.attrs['length'] = '1'
AttributeError: 'list' object has no attribute 'attrs'

09/30/2013 10:24:49.600 Traceback (most recent call last):
  File "C:/Users/thubbard/Desktop/Project_R_Projects/Text_Adventure/API/Text_of_Mana.py", line 864, in <module>
    main()
  File "C:/Users/thubbard/Desktop/Project_R_Projects/Text_Adventure/API/Text_of_Mana.py", line 74, in main
    command = raw_input(">")
EOFError: EOF when reading a line

09/30/2013 10:38:22.910 Traceback (most recent call last):
  File "C:/Users/thubbard/Desktop/Project_R_Projects/Text_Adventure/API/Text_of_Mana.py", line 872, in <module>
    main()
  File "C:/Users/thubbard/Desktop/Project_R_Projects/Text_Adventure/API/Text_of_Mana.py", line 74, in main
    command = raw_input(">")
EOFError: EOF when reading a line

09/30/2013 10:38:35.167 Traceback (most recent call last):
  File "C:/Users/thubbard/Desktop/Project_R_Projects/Text_Adventure/API/Text_of_Mana.py", line 872, in <module>
    main()
  File "C:/Users/thubbard/Desktop/Project_R_Projects/Text_Adventure/API/Text_of_Mana.py", line 74, in main
    command = raw_input(">")
EOFError: EOF when reading a line

09/30/2013 10:38:56.160 Traceback (most recent call last):
  File "C:/Users/thubbard/Desktop/Project_R_Projects/Text_Adventure/API/Text_of_Mana.py", line 872, in <module>
    main()
  File "C:/Users/thubbard/Desktop/Project_R_Projects/Text_Adventure/API/Text_of_Mana.py", line 74, in main
    command = raw_input(">")
EOFError: EOF when reading a line

09/30/2013 10:39:30.100 Traceback (most recent call last):
  File "C:/Users/thubbard/Desktop/Project_R_Projects/Text_Adventure/API/Text_of_Mana.py", line 873, in <module>
    main()
  File "C:/Users/thubbard/Desktop/Project_R_Projects/Text_Adventure/API/Text_of_Mana.py", line 74, in main
    command = raw_input(">")
EOFError: EOF when reading a line

09/30/2013 10:41:00.625 Traceback (most recent call last):
  File "C:/Users/thubbard/Desktop/Project_R_Projects/Text_Adventure/API/Text_of_Mana.py", line 873, in <module>
    main()
  File "C:/Users/thubbard/Desktop/Project_R_Projects/Text_Adventure/API/Text_of_Mana.py", line 74, in main
    command = raw_input(">")
EOFError: EOF when reading a line

09/30/2013 10:41:01.135 Traceback (most recent call last):
  File "C:/Users/thubbard/Desktop/Project_R_Projects/Text_Adventure/API/Text_of_Mana.py", line 873, in <module>
    main()
  File "C:/Users/thubbard/Desktop/Project_R_Projects/Text_Adventure/API/Text_of_Mana.py", line 74, in main
    command = raw_input(">")
EOFError: EOF when reading a line

09/30/2013 10:41:22.428 Traceback (most recent call last):
  File "C:/Users/thubbard/Desktop/Project_R_Projects/Text_Adventure/API/Text_of_Mana.py", line 873, in <module>
    main()
  File "C:/Users/thubbard/Desktop/Project_R_Projects/Text_Adventure/API/Text_of_Mana.py", line 74, in main
    command = raw_input(">")
EOFError: EOF when reading a line

09/30/2013 10:41:57.436 Traceback (most recent call last):
  File "C:/Users/thubbard/Desktop/Project_R_Projects/Text_Adventure/API/Text_of_Mana.py", line 875, in <module>
    main()
  File "C:/Users/thubbard/Desktop/Project_R_Projects/Text_Adventure/API/Text_of_Mana.py", line 74, in main
    command = raw_input(">")
EOFError: EOF when reading a line

09/30/2013 10:42:44.477 Traceback (most recent call last):
  File "C:/Users/thubbard/Desktop/Project_R_Projects/Text_Adventure/API/Text_of_Mana.py", line 877, in <module>
    main()
  File "C:/Users/thubbard/Desktop/Project_R_Projects/Text_Adventure/API/Text_of_Mana.py", line 74, in main
    command = raw_input(">")
EOFError: EOF when reading a line

09/30/2013 10:50:23.699 Traceback (most recent call last):
  File "C:/Users/thubbard/Desktop/Project_R_Projects/Text_Adventure/API/Text_of_Mana.py", line 878, in <module>
    for line in fileOpen[:-1].split('\n'):
  File "C:/Users/thubbard/Desktop/Project_R_Projects/Text_Adventure/API/Text_of_Mana.py", line 74, in main
    command = raw_input(">")
EOFError: EOF when reading a line

09/30/2013 10:50:23.838 Traceback (most recent call last):
  File "C:/Users/thubbard/Desktop/Project_R_Projects/Text_Adventure/API/Text_of_Mana.py", line 889, in <module>
    main()
  File "C:/Users/thubbard/Desktop/Project_R_Projects/Text_Adventure/API/Text_of_Mana.py", line 36, in main
    choice = raw_input("choose a game or type 'N' for a new game\n>")
EOFError: EOF when reading a line

09/30/2013 10:50:23.971 Traceback (most recent call last):
  File "C:/Users/thubbard/Desktop/Project_R_Projects/Text_Adventure/API/Text_of_Mana.py", line 889, in <module>
    main()
  File "C:/Users/thubbard/Desktop/Project_R_Projects/Text_Adventure/API/Text_of_Mana.py", line 74, in main
    command = raw_input(">")
EOFError: EOF when reading a line

09/30/2013 10:52:10.114 Traceback (most recent call last):
  File "C:/Users/thubbard/Desktop/Project_R_Projects/Text_Adventure/API/Text_of_Mana.py", line 891, in <module>
    main()
  File "C:/Users/thubbard/Desktop/Project_R_Projects/Text_Adventure/API/Text_of_Mana.py", line 74, in main
    command = raw_input(">")
EOFError: EOF when reading a line

09/30/2013 10:53:06.157 Traceback (most recent call last):
  File "C:/Users/thubbard/Desktop/Project_R_Projects/Text_Adventure/API/Text_of_Mana.py", line 891, in <module>
    main()
  File "C:/Users/thubbard/Desktop/Project_R_Projects/Text_Adventure/API/Text_of_Mana.py", line 74, in main
    command = raw_input(">")
EOFError: EOF when reading a line

09/30/2013 10:53:18.197 Traceback (most recent call last):
  File "C:/Users/thubbard/Desktop/Project_R_Projects/Text_Adventure/API/Text_of_Mana.py", line 891, in <module>
    main()
  File "C:/Users/thubbard/Desktop/Project_R_Projects/Text_Adventure/API/Text_of_Mana.py", line 74, in main
    command = raw_input(">")
EOFError: EOF when reading a line

09/30/2013 10:54:00.671 Traceback (most recent call last):
  File "C:/Users/thubbard/Desktop/Project_R_Projects/Text_Adventure/API/Text_of_Mana.py", line 893, in <module>
    main()
  File "C:/Users/thubbard/Desktop/Project_R_Projects/Text_Adventure/API/Text_of_Mana.py", line 74, in main
    command = raw_input(">")
EOFError: EOF when reading a line

09/30/2013 10:55:07.36 Traceback (most recent call last):
  File "C:/Users/thubbard/Desktop/Project_R_Projects/Text_Adventure/API/Text_of_Mana.py", line 884, in <module>
    main()
  File "C:/Users/thubbard/Desktop/Project_R_Projects/Text_Adventure/API/Text_of_Mana.py", line 75, in main
    command = raw_input(">")
EOFError: EOF when reading a line

09/30/2013 10:55:43.897 Traceback (most recent call last):
  File "C:/Users/thubbard/Desktop/Project_R_Projects/Text_Adventure/API/Text_of_Mana.py", line 884, in <module>
    main()
  File "C:/Users/thubbard/Desktop/Project_R_Projects/Text_Adventure/API/Text_of_Mana.py", line 78, in main
    current_room = run_command(current_room, verb, noun)
  File "C:/Users/thubbard/Desktop/Project_R_Projects/Text_Adventure/API/Text_of_Mana.py", line 651, in run_command
    battle_system(room, monsters)
  File "C:/Users/thubbard/Desktop/Project_R_Projects/Text_Adventure/API/Text_of_Mana.py", line 293, in battle_system
    command = raw_input('What would you like to do>>>')
EOFError: EOF when reading a line

09/30/2013 10:55:52.944 Traceback (most recent call last):
  File "C:/Users/thubbard/Desktop/Project_R_Projects/Text_Adventure/API/Text_of_Mana.py", line 884, in <module>
    main()
  File "C:/Users/thubbard/Desktop/Project_R_Projects/Text_Adventure/API/Text_of_Mana.py", line 75, in main
    command = raw_input(">")
EOFError: EOF when reading a line

09/30/2013 10:56:21.722 Traceback (most recent call last):
  File "C:/Users/thubbard/Desktop/Project_R_Projects/Text_Adventure/API/Text_of_Mana.py", line 884, in <module>
    main()
  File "C:/Users/thubbard/Desktop/Project_R_Projects/Text_Adventure/API/Text_of_Mana.py", line 75, in main
    command = raw_input(">")
EOFError: EOF when reading a line

09/30/2013 10:56:37.834 Traceback (most recent call last):
  File "C:/Users/thubbard/Desktop/Project_R_Projects/Text_Adventure/API/Text_of_Mana.py", line 884, in <module>
    main()
  File "C:/Users/thubbard/Desktop/Project_R_Projects/Text_Adventure/API/Text_of_Mana.py", line 70, in main
    party_builder(room)
  File "C:/Users/thubbard/Desktop/Project_R_Projects/Text_Adventure/API/Text_of_Mana.py", line 169, in party_builder
    if room.party[0].attrs['member'] == '0' and hero_count == 0:
IndexError: list index out of range

09/30/2013 10:57:03.547 Traceback (most recent call last):
  File "C:/Users/thubbard/Desktop/Project_R_Projects/Text_Adventure/API/Text_of_Mana.py", line 884, in <module>
    main()
  File "C:/Users/thubbard/Desktop/Project_R_Projects/Text_Adventure/API/Text_of_Mana.py", line 70, in main
    party_builder(room)
  File "C:/Users/thubbard/Desktop/Project_R_Projects/Text_Adventure/API/Text_of_Mana.py", line 169, in party_builder
    if room.party[0].attrs['member'] == '0':
IndexError: list index out of range

09/30/2013 10:57:57.358 Traceback (most recent call last):
  File "C:/Users/thubbard/Desktop/Project_R_Projects/Text_Adventure/API/Text_of_Mana.py", line 887, in <module>
    main()
  File "C:/Users/thubbard/Desktop/Project_R_Projects/Text_Adventure/API/Text_of_Mana.py", line 70, in main
    party_builder(room)
  File "C:/Users/thubbard/Desktop/Project_R_Projects/Text_Adventure/API/Text_of_Mana.py", line 171, in party_builder
    if room.party[0].attrs['member'] == '0':
IndexError: list index out of range

09/30/2013 10:58:19.895 Traceback (most recent call last):
  File "C:/Users/thubbard/Desktop/Project_R_Projects/Text_Adventure/API/Text_of_Mana.py", line 887, in <module>
    main()
  File "C:/Users/thubbard/Desktop/Project_R_Projects/Text_Adventure/API/Text_of_Mana.py", line 71, in main
    party_builder(room)
  File "C:/Users/thubbard/Desktop/Project_R_Projects/Text_Adventure/API/Text_of_Mana.py", line 171, in party_builder
    if room.party[0].attrs['member'] == '0':
IndexError: list index out of range

09/30/2013 10:59:20.637 Traceback (most recent call last):
  File "C:/Users/thubbard/Desktop/Project_R_Projects/Text_Adventure/API/Text_of_Mana.py", line 887, in <module>
    main()
  File "C:/Users/thubbard/Desktop/Project_R_Projects/Text_Adventure/API/Text_of_Mana.py", line 78, in main
    current_room = run_command(current_room, verb, noun)
  File "C:/Users/thubbard/Desktop/Project_R_Projects/Text_Adventure/API/Text_of_Mana.py", line 654, in run_command
    battle_system(room, monsters)
  File "C:/Users/thubbard/Desktop/Project_R_Projects/Text_Adventure/API/Text_of_Mana.py", line 296, in battle_system
    command = raw_input('What would you like to do>>>')
EOFError: EOF when reading a line

09/30/2013 11:01:32.644 Traceback (most recent call last):
  File "C:/Users/thubbard/Desktop/Project_R_Projects/Text_Adventure/API/Text_of_Mana.py", line 887, in <module>
    main()
  File "C:/Users/thubbard/Desktop/Project_R_Projects/Text_Adventure/API/Text_of_Mana.py", line 76, in main
    command = raw_input(">")
EOFError: EOF when reading a line

09/30/2013 11:02:27.934 Traceback (most recent call last):
  File "C:/Users/thubbard/Desktop/Project_R_Projects/Text_Adventure/API/Text_of_Mana.py", line 889, in <module>
    main()
  File "C:/Users/thubbard/Desktop/Project_R_Projects/Text_Adventure/API/Text_of_Mana.py", line 76, in main
    command = raw_input(">")
EOFError: EOF when reading a line

09/30/2013 11:02:48.389 Traceback (most recent call last):
  File "C:/Users/thubbard/Desktop/Project_R_Projects/Text_Adventure/API/Text_of_Mana.py", line 889, in <module>
    main()
  File "C:/Users/thubbard/Desktop/Project_R_Projects/Text_Adventure/API/Text_of_Mana.py", line 76, in main
    command = raw_input(">")
EOFError: EOF when reading a line

09/30/2013 11:03:46.442 Traceback (most recent call last):
  File "C:/Users/thubbard/Desktop/Project_R_Projects/Text_Adventure/API/Text_of_Mana.py", line 889, in <module>
    main()
  File "C:/Users/thubbard/Desktop/Project_R_Projects/Text_Adventure/API/Text_of_Mana.py", line 76, in main
    command = raw_input(">")
EOFError: EOF when reading a line

09/30/2013 11:04:59.552 Traceback (most recent call last):
  File "C:/Users/thubbard/Desktop/Project_R_Projects/Text_Adventure/API/Text_of_Mana.py", line 889, in <module>
    main()
  File "C:/Users/thubbard/Desktop/Project_R_Projects/Text_Adventure/API/Text_of_Mana.py", line 76, in main
    command = raw_input(">")
EOFError: EOF when reading a line

09/30/2013 11:05:53.524 Traceback (most recent call last):
  File "C:/Users/thubbard/Desktop/Project_R_Projects/Text_Adventure/API/Text_of_Mana.py", line 890, in <module>
    main()
  File "C:/Users/thubbard/Desktop/Project_R_Projects/Text_Adventure/API/Text_of_Mana.py", line 76, in main
    command = raw_input(">")
EOFError: EOF when reading a line

09/30/2013 11:06:48.52 Traceback (most recent call last):
  File "C:/Users/thubbard/Desktop/Project_R_Projects/Text_Adventure/API/Text_of_Mana.py", line 890, in <module>
    main()
  File "C:/Users/thubbard/Desktop/Project_R_Projects/Text_Adventure/API/Text_of_Mana.py", line 76, in main
    command = raw_input(">")
EOFError: EOF when reading a line

09/30/2013 11:08:48.234 Traceback (most recent call last):
  File "C:/Users/thubbard/Desktop/Project_R_Projects/Text_Adventure/API/Text_of_Mana.py", line 895, in <module>
    main()
  File "C:/Users/thubbard/Desktop/Project_R_Projects/Text_Adventure/API/Text_of_Mana.py", line 77, in main
    command = raw_input(">")
EOFError: EOF when reading a line

09/30/2013 11:08:51.941 Traceback (most recent call last):
  File "C:/Users/thubbard/Desktop/Project_R_Projects/Text_Adventure/API/Text_of_Mana.py", line 895, in <module>
    main()
  File "C:/Users/thubbard/Desktop/Project_R_Projects/Text_Adventure/API/Text_of_Mana.py", line 71, in main
    load_party(room)
  File "C:/Users/thubbard/Desktop/Project_R_Projects/Text_Adventure/API/Text_of_Mana.py", line 191, in load_party
    party.append(Hero)
NameError: global name 'Hero' is not defined

09/30/2013 11:09:12.544 Traceback (most recent call last):
  File "C:/Users/thubbard/Desktop/Project_R_Projects/Text_Adventure/API/Text_of_Mana.py", line 897, in <module>
    main()
  File "C:/Users/thubbard/Desktop/Project_R_Projects/Text_Adventure/API/Text_of_Mana.py", line 71, in main
    load_party(room)
  File "C:/Users/thubbard/Desktop/Project_R_Projects/Text_Adventure/API/Text_of_Mana.py", line 193, in load_party
    party.append(Hero)
NameError: global name 'Hero' is not defined

09/30/2013 11:10:10.577 Traceback (most recent call last):
  File "C:/Users/thubbard/Desktop/Project_R_Projects/Text_Adventure/API/Text_of_Mana.py", line 900, in <module>
    main()
  File "C:/Users/thubbard/Desktop/Project_R_Projects/Text_Adventure/API/Text_of_Mana.py", line 77, in main
    command = raw_input(">")
EOFError: EOF when reading a line

09/30/2013 11:10:20.685 Traceback (most recent call last):
  File "C:/Users/thubbard/Desktop/Project_R_Projects/Text_Adventure/API/Text_of_Mana.py", line 900, in <module>
    main()
  File "C:/Users/thubbard/Desktop/Project_R_Projects/Text_Adventure/API/Text_of_Mana.py", line 77, in main
    command = raw_input(">")
EOFError: EOF when reading a line

09/30/2013 11:10:58.748 Traceback (most recent call last):
  File "C:/Users/thubbard/Desktop/Project_R_Projects/Text_Adventure/API/Text_of_Mana.py", line 900, in <module>
    main()
  File "C:/Users/thubbard/Desktop/Project_R_Projects/Text_Adventure/API/Text_of_Mana.py", line 77, in main
    command = raw_input(">")
EOFError: EOF when reading a line

09/30/2013 11:11:30.881 Traceback (most recent call last):
  File "C:/Users/thubbard/Desktop/Project_R_Projects/Text_Adventure/API/Text_of_Mana.py", line 900, in <module>
    main()
  File "C:/Users/thubbard/Desktop/Project_R_Projects/Text_Adventure/API/Text_of_Mana.py", line 77, in main
    command = raw_input(">")
EOFError: EOF when reading a line

09/30/2013 11:11:56.20 Traceback (most recent call last):
  File "C:/Users/thubbard/Desktop/Project_R_Projects/Text_Adventure/API/Text_of_Mana.py", line 900, in <module>
    main()
  File "C:/Users/thubbard/Desktop/Project_R_Projects/Text_Adventure/API/Text_of_Mana.py", line 77, in main
    command = raw_input(">")
EOFError: EOF when reading a line

09/30/2013 11:13:19.790 Traceback (most recent call last):
  File "C:/Users/thubbard/Desktop/Project_R_Projects/Text_Adventure/API/Text_of_Mana.py", line 896, in <module>
    main()
  File "C:/Users/thubbard/Desktop/Project_R_Projects/Text_Adventure/API/Text_of_Mana.py", line 77, in main
    command = raw_input(">")
EOFError: EOF when reading a line

09/30/2013 11:14:00.286 Traceback (most recent call last):
  File "C:/Users/thubbard/Desktop/Project_R_Projects/Text_Adventure/API/Text_of_Mana.py", line 897, in <module>
    main()
  File "C:/Users/thubbard/Desktop/Project_R_Projects/Text_Adventure/API/Text_of_Mana.py", line 37, in main
    choice = raw_input("choose a game or type 'N' for a new game\n>")
EOFError: EOF when reading a line

09/30/2013 11:14:27.293 Traceback (most recent call last):
  File "C:/Users/thubbard/Desktop/Project_R_Projects/Text_Adventure/API/Text_of_Mana.py", line 897, in <module>
    main()
  File "C:/Users/thubbard/Desktop/Project_R_Projects/Text_Adventure/API/Text_of_Mana.py", line 77, in main
    command = raw_input(">")
EOFError: EOF when reading a line

09/30/2013 11:17:13.932 Traceback (most recent call last):
  File "C:/Users/thubbard/Desktop/Project_R_Projects/Text_Adventure/API/Text_of_Mana.py", line 903, in <module>
    main()
  File "C:/Users/thubbard/Desktop/Project_R_Projects/Text_Adventure/API/Text_of_Mana.py", line 79, in main
    command = raw_input(">")
EOFError: EOF when reading a line

09/30/2013 11:21:55.48 Traceback (most recent call last):
  File "C:/Users/thubbard/Desktop/Project_R_Projects/Text_Adventure/API/Text_of_Mana.py", line 902, in <module>
    main()
  File "C:/Users/thubbard/Desktop/Project_R_Projects/Text_Adventure/API/Text_of_Mana.py", line 79, in main
    command = raw_input(">")
EOFError: EOF when reading a line

09/30/2013 11:25:38.305 Traceback (most recent call last):
  File "C:/Users/thubbard/Desktop/Project_R_Projects/Text_Adventure/API/Text_of_Mana.py", line 902, in <module>
    main()
  File "C:/Users/thubbard/Desktop/Project_R_Projects/Text_Adventure/API/Text_of_Mana.py", line 82, in main
    current_room = run_command(current_room, verb, noun)
  File "C:/Users/thubbard/Desktop/Project_R_Projects/Text_Adventure/API/Text_of_Mana.py", line 669, in run_command
    battle_system(room, monsters)
  File "C:/Users/thubbard/Desktop/Project_R_Projects/Text_Adventure/API/Text_of_Mana.py", line 375, in battle_system
    high_score()
  File "C:/Users/thubbard/Desktop/Project_R_Projects/Text_Adventure/API/Text_of_Mana.py", line 881, in high_score
    name = raw_input('\n\n\nEnter you name to record your score:')
EOFError: EOF when reading a line

09/30/2013 11:50:21.672 Traceback (most recent call last):
  File "C:/Users/thubbard/Desktop/Project_R_Projects/Text_Adventure/API/Text_of_Mana.py", line 904, in <module>
    main()
  File "C:/Users/thubbard/Desktop/Project_R_Projects/Text_Adventure/API/Text_of_Mana.py", line 79, in main
    command = raw_input(">")
EOFError: EOF when reading a line

09/30/2013 11:53:16.321 Traceback (most recent call last):
  File "C:/Users/thubbard/Desktop/Project_R_Projects/Text_Adventure/API/Text_of_Mana.py", line 904, in <module>
    main()
  File "C:/Users/thubbard/Desktop/Project_R_Projects/Text_Adventure/API/Text_of_Mana.py", line 79, in main
    command = raw_input(">")
EOFError: EOF when reading a line

09/30/2013 11:54:25.301 Traceback (most recent call last):
  File "C:/Users/thubbard/Desktop/Project_R_Projects/Text_Adventure/API/Text_of_Mana.py", line 904, in <module>
    main()
  File "C:/Users/thubbard/Desktop/Project_R_Projects/Text_Adventure/API/Text_of_Mana.py", line 79, in main
    command = raw_input(">")
EOFError: EOF when reading a line

09/30/2013 11:55:43.285 Traceback (most recent call last):
  File "C:/Users/thubbard/Desktop/Project_R_Projects/Text_Adventure/API/Text_of_Mana.py", line 910, in <module>
    main()
  File "C:/Users/thubbard/Desktop/Project_R_Projects/Text_Adventure/API/Text_of_Mana.py", line 79, in main
    command = raw_input(">")
EOFError: EOF when reading a line

09/30/2013 11:56:09.266 Traceback (most recent call last):
  File "C:/Users/thubbard/Desktop/Project_R_Projects/Text_Adventure/API/Text_of_Mana.py", line 912, in <module>
    main()
  File "C:/Users/thubbard/Desktop/Project_R_Projects/Text_Adventure/API/Text_of_Mana.py", line 79, in main
    command = raw_input(">")
EOFError: EOF when reading a line

09/30/2013 11:56:58.120 Traceback (most recent call last):
  File "C:/Users/thubbard/Desktop/Project_R_Projects/Text_Adventure/API/Text_of_Mana.py", line 912, in <module>
    main()
  File "C:/Users/thubbard/Desktop/Project_R_Projects/Text_Adventure/API/Text_of_Mana.py", line 79, in main
    command = raw_input(">")
EOFError: EOF when reading a line

09/30/2013 11:57:46.109 Traceback (most recent call last):
  File "C:/Users/thubbard/Desktop/Project_R_Projects/Text_Adventure/API/Text_of_Mana.py", line 911, in <module>
    main()
  File "C:/Users/thubbard/Desktop/Project_R_Projects/Text_Adventure/API/Text_of_Mana.py", line 79, in main
    command = raw_input(">")
EOFError: EOF when reading a line

09/30/2013 11:59:29.341 Traceback (most recent call last):
  File "C:/Users/thubbard/Desktop/Project_R_Projects/Text_Adventure/API/Text_of_Mana.py", line 912, in <module>
    main()
  File "C:/Users/thubbard/Desktop/Project_R_Projects/Text_Adventure/API/Text_of_Mana.py", line 82, in main
    current_room = run_command(current_room, verb, noun)
  File "C:/Users/thubbard/Desktop/Project_R_Projects/Text_Adventure/API/Text_of_Mana.py", line 680, in run_command
    battle_system(room, monsters)
  File "C:/Users/thubbard/Desktop/Project_R_Projects/Text_Adventure/API/Text_of_Mana.py", line 386, in battle_system
    raw_input('...')
EOFError: EOF when reading a line

09/30/2013 12:00:42.714 Traceback (most recent call last):
  File "C:/Users/thubbard/Desktop/Project_R_Projects/Text_Adventure/API/Text_of_Mana.py", line 912, in <module>
    main()
  File "C:/Users/thubbard/Desktop/Project_R_Projects/Text_Adventure/API/Text_of_Mana.py", line 79, in main
    command = raw_input(">")
EOFError: EOF when reading a line

09/30/2013 12:01:07.47 Traceback (most recent call last):
  File "C:/Users/thubbard/Desktop/Project_R_Projects/Text_Adventure/API/Text_of_Mana.py", line 912, in <module>
    main()
  File "C:/Users/thubbard/Desktop/Project_R_Projects/Text_Adventure/API/Text_of_Mana.py", line 79, in main
    command = raw_input(">")
EOFError: EOF when reading a line

09/30/2013 12:03:13.894 Traceback (most recent call last):
  File "C:/Users/thubbard/Desktop/Project_R_Projects/Text_Adventure/API/Text_of_Mana.py", line 912, in <module>
    main()
  File "C:/Users/thubbard/Desktop/Project_R_Projects/Text_Adventure/API/Text_of_Mana.py", line 79, in main
    command = raw_input(">")
EOFError: EOF when reading a line

09/30/2013 12:11:45.517 Traceback (most recent call last):
  File "C:/Users/thubbard/Desktop/Project_R_Projects/Text_Adventure/API/Text_of_Mana.py", line 911, in <module>
    main()
  File "C:/Users/thubbard/Desktop/Project_R_Projects/Text_Adventure/API/Text_of_Mana.py", line 82, in main
    current_room = run_command(current_room, verb, noun)
  File "C:/Users/thubbard/Desktop/Project_R_Projects/Text_Adventure/API/Text_of_Mana.py", line 679, in run_command
    battle_system(room, monsters)
  File "C:/Users/thubbard/Desktop/Project_R_Projects/Text_Adventure/API/Text_of_Mana.py", line 285, in battle_system
    monster_health = monster_health * 1.2
TypeError: can't multiply sequence by non-int of type 'float'

09/30/2013 12:12:08.502 Traceback (most recent call last):
  File "C:/Users/thubbard/Desktop/Project_R_Projects/Text_Adventure/API/Text_of_Mana.py", line 911, in <module>
    main()
  File "C:/Users/thubbard/Desktop/Project_R_Projects/Text_Adventure/API/Text_of_Mana.py", line 82, in main
    current_room = run_command(current_room, verb, noun)
  File "C:/Users/thubbard/Desktop/Project_R_Projects/Text_Adventure/API/Text_of_Mana.py", line 679, in run_command
    battle_system(room, monsters)
  File "C:/Users/thubbard/Desktop/Project_R_Projects/Text_Adventure/API/Text_of_Mana.py", line 285, in battle_system
    monster_health = round(monster_health * 1.2)
TypeError: can't multiply sequence by non-int of type 'float'

09/30/2013 12:14:24.101 Traceback (most recent call last):
  File "C:/Users/thubbard/Desktop/Project_R_Projects/Text_Adventure/API/Text_of_Mana.py", line 913, in <module>
    main()
  File "C:/Users/thubbard/Desktop/Project_R_Projects/Text_Adventure/API/Text_of_Mana.py", line 67, in main
    wallet = game_map.player[0].arrts['wallet']
AttributeError: 'player_q2class' object has no attribute 'arrts'

09/30/2013 12:14:56.870 Traceback (most recent call last):
  File "C:/Users/thubbard/Desktop/Project_R_Projects/Text_Adventure/API/Text_of_Mana.py", line 913, in <module>
    main()
  File "C:/Users/thubbard/Desktop/Project_R_Projects/Text_Adventure/API/Text_of_Mana.py", line 82, in main
    command = raw_input(">")
EOFError: EOF when reading a line

09/30/2013 12:16:28.37 Traceback (most recent call last):
  File "C:/Users/thubbard/Desktop/Project_R_Projects/Text_Adventure/API/Text_of_Mana.py", line 914, in <module>
    main()
  File "C:/Users/thubbard/Desktop/Project_R_Projects/Text_Adventure/API/Text_of_Mana.py", line 82, in main
    command = raw_input(">")
EOFError: EOF when reading a line

09/30/2013 12:17:18.491 Traceback (most recent call last):
  File "C:/Users/thubbard/Desktop/Project_R_Projects/Text_Adventure/API/Text_of_Mana.py", line 914, in <module>
    main()
  File "C:/Users/thubbard/Desktop/Project_R_Projects/Text_Adventure/API/Text_of_Mana.py", line 82, in main
    command = raw_input(">")
EOFError: EOF when reading a line

09/30/2013 12:21:51.639 Traceback (most recent call last):
  File "C:/Users/thubbard/Desktop/Project_R_Projects/Text_Adventure/API/Text_of_Mana.py", line 914, in <module>
    main()
  File "C:/Users/thubbard/Desktop/Project_R_Projects/Text_Adventure/API/Text_of_Mana.py", line 80, in main
    describe(current_room)
  File "C:/Users/thubbard/Desktop/Project_R_Projects/Text_Adventure/API/Text_of_Mana.py", line 548, in describe
    print room.text[0].value
AttributeError: 'NoneType' object has no attribute 'text'

09/30/2013 12:22:21.682 Traceback (most recent call last):
  File "C:/Users/thubbard/Desktop/Project_R_Projects/Text_Adventure/API/Text_of_Mana.py", line 914, in <module>
    main()
  File "C:/Users/thubbard/Desktop/Project_R_Projects/Text_Adventure/API/Text_of_Mana.py", line 82, in main
    command = raw_input(">")
EOFError: EOF when reading a line

09/30/2013 12:28:49.161 Traceback (most recent call last):
  File "C:/Users/thubbard/Desktop/Project_R_Projects/Text_Adventure/API/Text_of_Mana.py", line 914, in <module>
    main()
  File "C:/Users/thubbard/Desktop/Project_R_Projects/Text_Adventure/API/Text_of_Mana.py", line 82, in main
    command = raw_input(">")
EOFError: EOF when reading a line

09/30/2013 12:35:33.620 Traceback (most recent call last):
  File "C:/Users/thubbard/Desktop/Project_R_Projects/Text_Adventure/API/Text_of_Mana.py", line 914, in <module>
    main()
  File "C:/Users/thubbard/Desktop/Project_R_Projects/Text_Adventure/API/Text_of_Mana.py", line 85, in main
    current_room = run_command(current_room, verb, noun)
  File "C:/Users/thubbard/Desktop/Project_R_Projects/Text_Adventure/API/Text_of_Mana.py", line 682, in run_command
    battle_system(room, monsters)
  File "C:/Users/thubbard/Desktop/Project_R_Projects/Text_Adventure/API/Text_of_Mana.py", line 387, in battle_system
    raw_input('...')
EOFError: EOF when reading a line

09/30/2013 12:53:40.975 Traceback (most recent call last):
  File "C:/Users/thubbard/Desktop/Project_R_Projects/Text_Adventure/API/Text_of_Mana.py", line 914, in <module>
    main()
  File "C:/Users/thubbard/Desktop/Project_R_Projects/Text_Adventure/API/Text_of_Mana.py", line 82, in main
    command = raw_input(">")
EOFError: EOF when reading a line

09/30/2013 13:13:22.698 Traceback (most recent call last):
  File "C:/Users/thubbard/Desktop/Project_R_Projects/Text_Adventure/API/Text_of_Mana.py", line 915, in <module>
    main()
  File "C:/Users/thubbard/Desktop/Project_R_Projects/Text_Adventure/API/Text_of_Mana.py", line 40, in main
    choice = raw_input("choose a game or type 'N' for a new game\n>")
EOFError: EOF when reading a line

09/30/2013 13:13:48.555 Traceback (most recent call last):
  File "C:/Users/thubbard/Desktop/Project_R_Projects/Text_Adventure/API/Text_of_Mana.py", line 915, in <module>
    main()
  File "C:/Users/thubbard/Desktop/Project_R_Projects/Text_Adventure/API/Text_of_Mana.py", line 40, in main
    choice = raw_input("choose a game or type 'N' for a new game\n>")
EOFError: EOF when reading a line

09/30/2013 13:14:24.967 Traceback (most recent call last):
  File "C:/Users/thubbard/Desktop/Project_R_Projects/Text_Adventure/API/Text_of_Mana.py", line 916, in <module>
    main()
  File "C:/Users/thubbard/Desktop/Project_R_Projects/Text_Adventure/API/Text_of_Mana.py", line 40, in main
    choice = raw_input("choose a game or type 'N' for a new game\n>")
EOFError: EOF when reading a line

09/30/2013 13:18:43.114 Traceback (most recent call last):
  File "C:/Users/thubbard/Desktop/Project_R_Projects/Text_Adventure/API/Text_of_Mana.py", line 915, in <module>
    high_score()
  File "C:/Users/thubbard/Desktop/Project_R_Projects/Text_Adventure/API/Text_of_Mana.py", line 905, in high_score
    score = literal_eval(line)
  File "C:\Python27\lib\ast.py", line 80, in literal_eval
    return _convert(node_or_string)
  File "C:\Python27\lib\ast.py", line 79, in _convert
    raise ValueError('malformed string')
ValueError: malformed string

09/30/2013 13:25:11.661 Traceback (most recent call last):
  File "C:/Users/thubbard/Desktop/Project_R_Projects/Text_Adventure/API/Text_of_Mana.py", line 920, in <module>
    high_score()
  File "C:/Users/thubbard/Desktop/Project_R_Projects/Text_Adventure/API/Text_of_Mana.py", line 914, in high_score
    main()
  File "C:/Users/thubbard/Desktop/Project_R_Projects/Text_Adventure/API/Text_of_Mana.py", line 41, in main
    choice = raw_input("choose a game or type 'N' for a new game\n>")
EOFError: EOF when reading a line

09/30/2013 13:35:35.341 Traceback (most recent call last):
  File "C:/Users/thubbard/Desktop/Project_R_Projects/Text_Adventure/API/Text_of_Mana.py", line 919, in <module>
    main()
  File "C:/Users/thubbard/Desktop/Project_R_Projects/Text_Adventure/API/Text_of_Mana.py", line 81, in main
    command = raw_input(">")
EOFError: EOF when reading a line

09/30/2013 14:29:18.619 Traceback (most recent call last):
  File "C:/Users/thubbard/Desktop/Project_R_Projects/Text_Adventure/API/Text_of_Mana.py", line 922, in <module>
    main()
  File "C:/Users/thubbard/Desktop/Project_R_Projects/Text_Adventure/API/Text_of_Mana.py", line 79, in main
    describe(current_room)
  File "C:/Users/thubbard/Desktop/Project_R_Projects/Text_Adventure/API/Text_of_Mana.py", line 547, in describe
    print room.text[0].value
AttributeError: 'NoneType' object has no attribute 'text'

09/30/2013 14:31:09.237 Traceback (most recent call last):
  File "C:/Users/thubbard/Desktop/Project_R_Projects/Text_Adventure/API/Text_of_Mana.py", line 923, in <module>
    main()
  File "C:/Users/thubbard/Desktop/Project_R_Projects/Text_Adventure/API/Text_of_Mana.py", line 81, in main
    command = raw_input(">")
EOFError: EOF when reading a line

09/30/2013 14:37:44.337 Traceback (most recent call last):
  File "C:/Users/thubbard/Desktop/Project_R_Projects/Text_Adventure/API/Text_of_Mana.py", line 923, in <module>
    main()
  File "C:/Users/thubbard/Desktop/Project_R_Projects/Text_Adventure/API/Text_of_Mana.py", line 84, in main
    current_room = run_command(current_room, verb, noun)
  File "C:/Users/thubbard/Desktop/Project_R_Projects/Text_Adventure/API/Text_of_Mana.py", line 801, in run_command
    return game_map.room.attrs['name']
AttributeError: 'map_q2class' object has no attribute 'room'

09/30/2013 14:38:31.783 Traceback (most recent call last):
  File "C:/Users/thubbard/Desktop/Project_R_Projects/Text_Adventure/API/Text_of_Mana.py", line 923, in <module>
    main()
  File "C:/Users/thubbard/Desktop/Project_R_Projects/Text_Adventure/API/Text_of_Mana.py", line 84, in main
    current_room = run_command(current_room, verb, noun)
  File "C:/Users/thubbard/Desktop/Project_R_Projects/Text_Adventure/API/Text_of_Mana.py", line 801, in run_command
    return game_map.building.attrs['name']
AttributeError: 'list' object has no attribute 'attrs'

09/30/2013 14:39:20.999 Traceback (most recent call last):
  File "C:/Users/thubbard/Desktop/Project_R_Projects/Text_Adventure/API/Text_of_Mana.py", line 923, in <module>
    main()
  File "C:/Users/thubbard/Desktop/Project_R_Projects/Text_Adventure/API/Text_of_Mana.py", line 84, in main
    current_room = run_command(current_room, verb, noun)
  File "C:/Users/thubbard/Desktop/Project_R_Projects/Text_Adventure/API/Text_of_Mana.py", line 801, in run_command
    return game_map.building[1].attrs['name']
KeyError: 'name'

09/30/2013 14:40:20.543 Traceback (most recent call last):
  File "C:/Users/thubbard/Desktop/Project_R_Projects/Text_Adventure/API/Text_of_Mana.py", line 923, in <module>
    main()
  File "C:/Users/thubbard/Desktop/Project_R_Projects/Text_Adventure/API/Text_of_Mana.py", line 79, in main
    describe(current_room)
  File "C:/Users/thubbard/Desktop/Project_R_Projects/Text_Adventure/API/Text_of_Mana.py", line 547, in describe
    print room.text[0].value
AttributeError: 'unicode' object has no attribute 'text'

09/30/2013 14:41:00.927 Traceback (most recent call last):
  File "C:/Users/thubbard/Desktop/Project_R_Projects/Text_Adventure/API/Text_of_Mana.py", line 924, in <module>
    main()
  File "C:/Users/thubbard/Desktop/Project_R_Projects/Text_Adventure/API/Text_of_Mana.py", line 79, in main
    describe(current_room)
  File "C:/Users/thubbard/Desktop/Project_R_Projects/Text_Adventure/API/Text_of_Mana.py", line 547, in describe
    print room.text[0].value
AttributeError: 'unicode' object has no attribute 'text'

09/30/2013 14:43:43.201 Traceback (most recent call last):
  File "C:/Users/thubbard/Desktop/Project_R_Projects/Text_Adventure/API/Text_of_Mana.py", line 923, in <module>
    main()
  File "C:/Users/thubbard/Desktop/Project_R_Projects/Text_Adventure/API/Text_of_Mana.py", line 81, in main
    command = raw_input(">")
EOFError: EOF when reading a line

09/30/2013 15:03:34.621 Traceback (most recent call last):
  File "C:/Users/thubbard/Desktop/Project_R_Projects/Text_Adventure/API/Text_of_Mana.py", line 927, in <module>
    main()
  File "C:/Users/thubbard/Desktop/Project_R_Projects/Text_Adventure/API/Text_of_Mana.py", line 81, in main
    command = raw_input(">")
EOFError: EOF when reading a line

09/30/2013 15:05:12.553 Traceback (most recent call last):
  File "C:/Users/thubbard/Desktop/Project_R_Projects/Text_Adventure/API/Text_of_Mana.py", line 928, in <module>
    main()
  File "C:/Users/thubbard/Desktop/Project_R_Projects/Text_Adventure/API/Text_of_Mana.py", line 81, in main
    command = raw_input(">")
EOFError: EOF when reading a line

09/30/2013 15:07:06.34 Traceback (most recent call last):
  File "C:/Users/thubbard/Desktop/Project_R_Projects/Text_Adventure/API/Text_of_Mana.py", line 927, in <module>
    main()
  File "C:/Users/thubbard/Desktop/Project_R_Projects/Text_Adventure/API/Text_of_Mana.py", line 81, in main
    command = raw_input(">")
EOFError: EOF when reading a line

09/30/2013 15:08:00.622 Traceback (most recent call last):
  File "C:/Users/thubbard/Desktop/Project_R_Projects/Text_Adventure/API/Text_of_Mana.py", line 927, in <module>
    main()
  File "C:/Users/thubbard/Desktop/Project_R_Projects/Text_Adventure/API/Text_of_Mana.py", line 81, in main
    command = raw_input(">")
EOFError: EOF when reading a line

09/30/2013 15:11:50.429 Traceback (most recent call last):
  File "C:/Users/thubbard/Desktop/Project_R_Projects/Text_Adventure/API/Text_of_Mana.py", line 935, in <module>
    main()
  File "C:/Users/thubbard/Desktop/Project_R_Projects/Text_Adventure/API/Text_of_Mana.py", line 81, in main
    command = raw_input(">")
EOFError: EOF when reading a line

09/30/2013 15:16:12.540 Traceback (most recent call last):
  File "C:/Users/thubbard/Desktop/Project_R_Projects/Text_Adventure/API/Text_of_Mana.py", line 939, in <module>
    main()
  File "C:/Users/thubbard/Desktop/Project_R_Projects/Text_Adventure/API/Text_of_Mana.py", line 81, in main
    command = raw_input(">")
EOFError: EOF when reading a line

09/30/2013 15:16:59.380 Traceback (most recent call last):
  File "C:/Users/thubbard/Desktop/Project_R_Projects/Text_Adventure/API/Text_of_Mana.py", line 939, in <module>
    main()
  File "C:/Users/thubbard/Desktop/Project_R_Projects/Text_Adventure/API/Text_of_Mana.py", line 81, in main
    command = raw_input(">")
EOFError: EOF when reading a line

09/30/2013 15:18:04.628 Traceback (most recent call last):
  File "C:/Users/thubbard/Desktop/Project_R_Projects/Text_Adventure/API/Text_of_Mana.py", line 939, in <module>
    main()
  File "C:/Users/thubbard/Desktop/Project_R_Projects/Text_Adventure/API/Text_of_Mana.py", line 81, in main
    command = raw_input(">")
EOFError: EOF when reading a line

09/30/2013 15:19:43.869 Traceback (most recent call last):
  File "C:/Users/thubbard/Desktop/Project_R_Projects/Text_Adventure/API/Text_of_Mana.py", line 938, in <module>
    main()
  File "C:/Users/thubbard/Desktop/Project_R_Projects/Text_Adventure/API/Text_of_Mana.py", line 81, in main
    command = raw_input(">")
EOFError: EOF when reading a line

09/30/2013 15:21:09.414 Traceback (most recent call last):
  File "C:/Users/thubbard/Desktop/Project_R_Projects/Text_Adventure/API/Text_of_Mana.py", line 938, in <module>
    main()
  File "C:/Users/thubbard/Desktop/Project_R_Projects/Text_Adventure/API/Text_of_Mana.py", line 81, in main
    command = raw_input(">")
EOFError: EOF when reading a line

09/30/2013 15:21:47.553 Traceback (most recent call last):
  File "C:/Users/thubbard/Desktop/Project_R_Projects/Text_Adventure/API/Text_of_Mana.py", line 938, in <module>
    main()
  File "C:/Users/thubbard/Desktop/Project_R_Projects/Text_Adventure/API/Text_of_Mana.py", line 81, in main
    command = raw_input(">")
EOFError: EOF when reading a line

09/30/2013 15:22:43.567 Traceback (most recent call last):
  File "C:/Users/thubbard/Desktop/Project_R_Projects/Text_Adventure/API/Text_of_Mana.py", line 936, in <module>
    main()
  File "C:/Users/thubbard/Desktop/Project_R_Projects/Text_Adventure/API/Text_of_Mana.py", line 81, in main
    command = raw_input(">")
EOFError: EOF when reading a line

09/30/2013 15:24:54.495 Traceback (most recent call last):
  File "C:/Users/thubbard/Desktop/Project_R_Projects/Text_Adventure/API/Text_of_Mana.py", line 926, in <module>
    main()
  File "C:/Users/thubbard/Desktop/Project_R_Projects/Text_Adventure/API/Text_of_Mana.py", line 84, in main
    current_room = run_command(current_room, verb, noun)
  File "C:/Users/thubbard/Desktop/Project_R_Projects/Text_Adventure/API/Text_of_Mana.py", line 681, in run_command
    battle_system(room, monsters)
  File "C:/Users/thubbard/Desktop/Project_R_Projects/Text_Adventure/API/Text_of_Mana.py", line 385, in battle_system
    high_score()
  File "C:/Users/thubbard/Desktop/Project_R_Projects/Text_Adventure/API/Text_of_Mana.py", line 899, in high_score
    name = raw_input('\n\n\nEnter you name to record your score:')
EOFError: EOF when reading a line

09/30/2013 15:40:19.363 Traceback (most recent call last):
  File "C:/Users/thubbard/Desktop/Project_R_Projects/Text_Adventure/API/Text_of_Mana.py", line 926, in <module>
    main()
  File "C:/Users/thubbard/Desktop/Project_R_Projects/Text_Adventure/API/Text_of_Mana.py", line 81, in main
    command = raw_input(">")
EOFError: EOF when reading a line

09/30/2013 16:01:56.356 Traceback (most recent call last):
  File "C:/Users/thubbard/Desktop/Project_R_Projects/Text_Adventure/API/Text_of_Mana.py", line 926, in <module>
    main()
  File "C:/Users/thubbard/Desktop/Project_R_Projects/Text_Adventure/API/Text_of_Mana.py", line 81, in main
    command = raw_input(">")
EOFError: EOF when reading a line

09/30/2013 16:46:16.717 Traceback (most recent call last):
  File "C:/Users/thubbard/Desktop/Project_R_Projects/Text_Adventure/API/Text_of_Mana.py", line 926, in <module>
    main()
  File "C:/Users/thubbard/Desktop/Project_R_Projects/Text_Adventure/API/Text_of_Mana.py", line 84, in main
    current_room = run_command(current_room, verb, noun)
  File "C:/Users/thubbard/Desktop/Project_R_Projects/Text_Adventure/API/Text_of_Mana.py", line 681, in run_command
    battle_system(room, monsters)
  File "C:/Users/thubbard/Desktop/Project_R_Projects/Text_Adventure/API/Text_of_Mana.py", line 385, in battle_system
    high_score()
  File "C:/Users/thubbard/Desktop/Project_R_Projects/Text_Adventure/API/Text_of_Mana.py", line 919, in high_score
    main()
  File "C:/Users/thubbard/Desktop/Project_R_Projects/Text_Adventure/API/Text_of_Mana.py", line 39, in main
    choice = raw_input("choose a game or type 'N' for a new game\n>")
EOFError: EOF when reading a line

09/30/2013 16:49:00.107 Traceback (most recent call last):
  File "C:/Users/thubbard/Desktop/Project_R_Projects/Text_Adventure/API/Text_of_Mana.py", line 926, in <module>
    main()
  File "C:/Users/thubbard/Desktop/Project_R_Projects/Text_Adventure/API/Text_of_Mana.py", line 84, in main
    current_room = run_command(current_room, verb, noun)
  File "C:/Users/thubbard/Desktop/Project_R_Projects/Text_Adventure/API/Text_of_Mana.py", line 681, in run_command
    battle_system(room, monsters)
  File "C:/Users/thubbard/Desktop/Project_R_Projects/Text_Adventure/API/Text_of_Mana.py", line 385, in battle_system
    high_score()
  File "C:/Users/thubbard/Desktop/Project_R_Projects/Text_Adventure/API/Text_of_Mana.py", line 919, in high_score
    main()
  File "C:/Users/thubbard/Desktop/Project_R_Projects/Text_Adventure/API/Text_of_Mana.py", line 39, in main
    choice = raw_input("choose a game or type 'N' for a new game\n>")
EOFError: EOF when reading a line

09/30/2013 16:49:00.796 Traceback (most recent call last):
  File "C:/Users/thubbard/Desktop/Project_R_Projects/Text_Adventure/API/Text_of_Mana.py", line 926, in <module>
    main()
  File "C:/Users/thubbard/Desktop/Project_R_Projects/Text_Adventure/API/Text_of_Mana.py", line 39, in main
    choice = raw_input("choose a game or type 'N' for a new game\n>")
EOFError: EOF when reading a line

09/30/2013 17:03:17.206 Traceback (most recent call last):
  File "C:/Users/thubbard/Desktop/Project_R_Projects/Text_Adventure/API/Text_of_Mana.py", line 926, in <module>
    main()
  File "C:/Users/thubbard/Desktop/Project_R_Projects/Text_Adventure/API/Text_of_Mana.py", line 84, in main
    current_room = run_command(current_room, verb, noun)
  File "C:/Users/thubbard/Desktop/Project_R_Projects/Text_Adventure/API/Text_of_Mana.py", line 681, in run_command
    battle_system(room, monsters)
  File "C:/Users/thubbard/Desktop/Project_R_Projects/Text_Adventure/API/Text_of_Mana.py", line 385, in battle_system
    high_score()
  File "C:/Users/thubbard/Desktop/Project_R_Projects/Text_Adventure/API/Text_of_Mana.py", line 919, in high_score
    main()
  File "C:/Users/thubbard/Desktop/Project_R_Projects/Text_Adventure/API/Text_of_Mana.py", line 39, in main
    choice = raw_input("choose a game or type 'N' for a new game\n>")
EOFError: EOF when reading a line

09/30/2013 17:03:39.184 Traceback (most recent call last):
  File "C:/Users/thubbard/Desktop/Project_R_Projects/Text_Adventure/API/Text_of_Mana.py", line 928, in <module>
    main()
  File "C:/Users/thubbard/Desktop/Project_R_Projects/Text_Adventure/API/Text_of_Mana.py", line 31, in main
    pygame.mixer.fadeout(500)
error: mixer system not initialized

09/30/2013 17:03:47.600 Traceback (most recent call last):
  File "C:/Users/thubbard/Desktop/Project_R_Projects/Text_Adventure/API/Text_of_Mana.py", line 928, in <module>
    main()
  File "C:/Users/thubbard/Desktop/Project_R_Projects/Text_Adventure/API/Text_of_Mana.py", line 31, in main
    pygame.mixer.fadeout(500)
error: mixer system not initialized

09/30/2013 17:05:27.333 Traceback (most recent call last):
  File "C:/Users/thubbard/Desktop/Project_R_Projects/Text_Adventure/API/Text_of_Mana.py", line 929, in <module>
    main()
  File "C:/Users/thubbard/Desktop/Project_R_Projects/Text_Adventure/API/Text_of_Mana.py", line 86, in main
    current_room = run_command(current_room, verb, noun)
  File "C:/Users/thubbard/Desktop/Project_R_Projects/Text_Adventure/API/Text_of_Mana.py", line 683, in run_command
    battle_system(room, monsters)
  File "C:/Users/thubbard/Desktop/Project_R_Projects/Text_Adventure/API/Text_of_Mana.py", line 387, in battle_system
    high_score()
  File "C:/Users/thubbard/Desktop/Project_R_Projects/Text_Adventure/API/Text_of_Mana.py", line 922, in high_score
    main()
  File "C:/Users/thubbard/Desktop/Project_R_Projects/Text_Adventure/API/Text_of_Mana.py", line 41, in main
    choice = raw_input("choose a game or type 'N' for a new game\n>")
EOFError: EOF when reading a line

09/30/2013 17:14:40.463 Traceback (most recent call last):
  File "C:/Users/thubbard/Desktop/Project_R_Projects/Text_Adventure/API/Text_of_Mana.py", line 929, in <module>
    main()
  File "C:/Users/thubbard/Desktop/Project_R_Projects/Text_Adventure/API/Text_of_Mana.py", line 83, in main
    command = raw_input(">")
EOFError: EOF when reading a line

09/30/2013 17:15:00.700 Traceback (most recent call last):
  File "C:/Users/thubbard/Desktop/Project_R_Projects/Text_Adventure/API/Text_of_Mana.py", line 929, in <module>
    main()
  File "C:/Users/thubbard/Desktop/Project_R_Projects/Text_Adventure/API/Text_of_Mana.py", line 83, in main
    command = raw_input(">")
EOFError: EOF when reading a line

09/30/2013 17:15:54.442 Traceback (most recent call last):
  File "C:/Users/thubbard/Desktop/Project_R_Projects/Text_Adventure/API/Text_of_Mana.py", line 929, in <module>
    main()
  File "C:/Users/thubbard/Desktop/Project_R_Projects/Text_Adventure/API/Text_of_Mana.py", line 83, in main
    command = raw_input(">")
EOFError: EOF when reading a line

09/30/2013 17:16:30.602 Traceback (most recent call last):
  File "C:/Users/thubbard/Desktop/Project_R_Projects/Text_Adventure/API/Text_of_Mana.py", line 929, in <module>
    main()
  File "C:/Users/thubbard/Desktop/Project_R_Projects/Text_Adventure/API/Text_of_Mana.py", line 83, in main
    command = raw_input(">")
EOFError: EOF when reading a line

09/30/2013 17:19:09.609 Traceback (most recent call last):
  File "C:/Users/thubbard/Desktop/Project_R_Projects/Text_Adventure/API/Text_of_Mana.py", line 931, in <module>
    main()
  File "C:/Users/thubbard/Desktop/Project_R_Projects/Text_Adventure/API/Text_of_Mana.py", line 83, in main
    command = raw_input(">")
EOFError: EOF when reading a line

09/30/2013 17:20:09.993 Traceback (most recent call last):
  File "C:/Users/thubbard/Desktop/Project_R_Projects/Text_Adventure/API/Text_of_Mana.py", line 933, in <module>
    main()
  File "C:/Users/thubbard/Desktop/Project_R_Projects/Text_Adventure/API/Text_of_Mana.py", line 83, in main
    command = raw_input(">")
EOFError: EOF when reading a line

09/30/2013 17:22:56.803 Traceback (most recent call last):
  File "C:/Users/thubbard/Desktop/Project_R_Projects/Text_Adventure/API/Text_of_Mana.py", line 935, in <module>
    main()
  File "C:/Users/thubbard/Desktop/Project_R_Projects/Text_Adventure/API/Text_of_Mana.py", line 83, in main
    command = raw_input(">")
EOFError: EOF when reading a line

